<?xml version="1.0" encoding="UTF-8"?>
<testng-results skipped="0" failed="0" ignored="0" total="1" passed="1">
  <reporter-output>
  </reporter-output>
  <suite name="API Automation Test Suite" duration-ms="10007" started-at="2020-06-04T19:53:11 IST" finished-at="2020-06-04T19:53:21 IST">
    <groups>
    </groups>
    <test name="API Automation" duration-ms="10007" started-at="2020-06-04T19:53:11 IST" finished-at="2020-06-04T19:53:21 IST">
      <class name="com.qa.tests.TestApiResponse">
        <test-method status="PASS" signature="testApiResponse()[pri:0, instance:com.qa.tests.TestApiResponse@1f57539]" name="testApiResponse" duration-ms="9947" started-at="2020-06-04T19:53:11 IST" finished-at="2020-06-04T19:53:21 IST">
          <reporter-output>
          </reporter-output>
        </test-method> <!-- testApiResponse -->
      </class> <!-- com.qa.tests.TestApiResponse -->
    </test> <!-- API Automation -->
  </suite> <!-- API Automation Test Suite -->
</testng-results>
